  Console Genetic Algorithm.cpp
C:\Users\16nat\Documents\College\Year 3\Console Genetic Algorithm\Console Genetic Algorithm\Individual.h(62,39): warning C4244: 'return': conversion from 'const double' to 'int', possible loss of data
C:\Users\16nat\Documents\College\Year 3\Console Genetic Algorithm\Console Genetic Algorithm\Individual.h(105,24): warning C4267: 'initializing': conversion from 'size_t' to 'int', possible loss of data
C:\Users\16nat\Documents\College\Year 3\Console Genetic Algorithm\Console Genetic Algorithm\Population.h(88,51): warning C4244: 'return': conversion from 'double' to 'int', possible loss of data
  Population.cpp
C:\Users\16nat\Documents\College\Year 3\Console Genetic Algorithm\Console Genetic Algorithm\Individual.h(62,39): warning C4244: 'return': conversion from 'const double' to 'int', possible loss of data
C:\Users\16nat\Documents\College\Year 3\Console Genetic Algorithm\Console Genetic Algorithm\Individual.h(105,24): warning C4267: 'initializing': conversion from 'size_t' to 'int', possible loss of data
C:\Users\16nat\Documents\College\Year 3\Console Genetic Algorithm\Console Genetic Algorithm\Population.cpp(121,20): warning C4244: 'initializing': conversion from 'double' to 'int', possible loss of data
C:\Users\16nat\Documents\College\Year 3\Console Genetic Algorithm\Console Genetic Algorithm\Population.cpp(122,20): warning C4244: 'initializing': conversion from 'double' to 'int', possible loss of data
  Generating Code...
C:\Users\16nat\Documents\College\Year 3\Console Genetic Algorithm\Console Genetic Algorithm\Individual.h(154): warning C4715: 'listItems': not all control paths return a value
C:\Users\16nat\Documents\College\Year 3\Console Genetic Algorithm\Console Genetic Algorithm\Individual.h(154): warning C4715: 'listItems': not all control paths return a value
Population.obj : error LNK2005: "class std::basic_ostream<char,struct std::char_traits<char> > & __cdecl operator<<(class std::basic_ostream<char,struct std::char_traits<char> > &,class Bag &)" (??6@YAAEAV?$basic_ostream@DU?$char_traits@D@std@@@std@@AEAV01@AEAVBag@@@Z) already defined in Console Genetic Algorithm.obj
Population.obj : error LNK2005: "class std::basic_string<char,struct std::char_traits<char>,class std::allocator<char> > __cdecl createChromosome(void)" (?createChromosome@@YA?AV?$basic_string@DU?$char_traits@D@std@@V?$allocator@D@2@@std@@XZ) already defined in Console Genetic Algorithm.obj
Population.obj : error LNK2005: "int __cdecl decodeInt(class std::basic_string<char,struct std::char_traits<char>,class std::allocator<char> >)" (?decodeInt@@YAHV?$basic_string@DU?$char_traits@D@std@@V?$allocator@D@2@@std@@@Z) already defined in Console Genetic Algorithm.obj
Population.obj : error LNK2005: "int __cdecl listItems(int,class std::basic_string<char,struct std::char_traits<char>,class std::allocator<char> >)" (?listItems@@YAHHV?$basic_string@DU?$char_traits@D@std@@V?$allocator@D@2@@std@@@Z) already defined in Console Genetic Algorithm.obj
Population.obj : error LNK2005: "void __cdecl popTest(void)" (?popTest@@YAXXZ) already defined in Console Genetic Algorithm.obj
Population.obj : error LNK2005: "void __cdecl printPopulation(class Population &)" (?printPopulation@@YAXAEAVPopulation@@@Z) already defined in Console Genetic Algorithm.obj
Population.obj : error LNK2005: "int __cdecl randInt(int,int)" (?randInt@@YAHHH@Z) already defined in Console Genetic Algorithm.obj
Population.obj : error LNK2005: "void __cdecl roulette_wheel(class Population &)" (?roulette_wheel@@YAXAEAVPopulation@@@Z) already defined in Console Genetic Algorithm.obj
Population.obj : error LNK2005: "void __cdecl testPerson(void)" (?testPerson@@YAXXZ) already defined in Console Genetic Algorithm.obj
C:\Users\16nat\Documents\College\Year 3\Console Genetic Algorithm\x64\Debug\Console Genetic Algorithm.exe : fatal error LNK1169: one or more multiply defined symbols found
